<?xml version="1.0" encoding="UTF-8"?>
<testng-results skipped="0" failed="0" ignored="0" total="1" passed="1">
  <reporter-output>
  </reporter-output>
  <suite name="Default suite" duration-ms="22852" started-at="2019-09-04T08:47:13Z" finished-at="2019-09-04T08:47:35Z">
    <groups>
    </groups>
    <test name="Default test" duration-ms="22852" started-at="2019-09-04T08:47:13Z" finished-at="2019-09-04T08:47:35Z">
      <class name="datatimePicker.Irctc">
        <test-method status="PASS" signature="getDetails()[pri:0, instance:datatimePicker.Irctc@333291e3]" name="getDetails" duration-ms="20384" started-at="2019-09-04T08:47:13Z" finished-at="2019-09-04T08:47:33Z">
          <reporter-output>
          </reporter-output>
        </test-method> <!-- getDetails -->
        <test-method status="PASS" signature="teardown()[pri:0, instance:datatimePicker.Irctc@333291e3]" name="teardown" is-config="true" duration-ms="2426" started-at="2019-09-04T08:47:33Z" finished-at="2019-09-04T08:47:35Z">
          <reporter-output>
          </reporter-output>
        </test-method> <!-- teardown -->
      </class> <!-- datatimePicker.Irctc -->
    </test> <!-- Default test -->
  </suite> <!-- Default suite -->
</testng-results>
