<?xml version="1.0" encoding="UTF-8"?>
<!-- Generated by org.testng.reporters.JUnitXMLReporter -->
<testsuite hostname="INGUEUCLP000666" ignored="1" name="Include" tests="2" failures="0" timestamp="08 Aug 2019 04:24:14 GMT" time="0.067" errors="0">
  <testcase name="test2" time="0.022" classname="testngLearning.IncludeExclude"/>
  <testcase name="test3" time="0.002" classname="testngLearning.IncludeExclude"/>
  <testcase name="test1" time="0.0" classname="testngLearning.IncludeExclude">
    <ignored/>
  </testcase> <!-- test1 -->
</testsuite> <!-- Include -->
